<?xml version="1.0" encoding="UTF-8"?>
<!-- Generated by org.testng.reporters.JUnitXMLReporter -->
<testsuite ignored="0" hostname="DESKTOP-FA5GAH0" failures="1" tests="1" name="Surefire test" time="0.276" errors="0" timestamp="2025-07-30T02:50:51 GET">
  <testcase classname="com.example.LighthousePlaywrightTest" name="runLighthouseAudits" time="0.207">
    <failure type="java.io.FileNotFoundException" message="lighthouse-reports\tbcbank.ge_ka_treasury-products.report.json (The system cannot find the file specified)">
      <![CDATA[java.io.FileNotFoundException: lighthouse-reports\tbcbank.ge_ka_treasury-products.report.json (The system cannot find the file specified)
at java.base/java.io.FileInputStream.open0(Native Method)
at java.base/java.io.FileInputStream.open(FileInputStream.java:213)
at java.base/java.io.FileInputStream.<init>(FileInputStream.java:152)
at com.fasterxml.jackson.core.TokenStreamFactory._fileInputStream(TokenStreamFactory.java:318)
at com.fasterxml.jackson.core.JsonFactory.createParser(JsonFactory.java:1219)
at com.fasterxml.jackson.databind.ObjectMapper.readTree(ObjectMapper.java:3313)
at com.example.LighthousePlaywrightTest.runAuditAndVerify(LighthousePlaywrightTest.java:50)
at com.example.LighthousePlaywrightTest.runLighthouseAudits(LighthousePlaywrightTest.java:23)
at java.base/java.util.ArrayList.forEach(ArrayList.java:1596)
at org.apache.maven.plugin.surefire.InPluginVMSurefireStarter.runSuitesInProcess(InPluginVMSurefireStarter.java:91)
at org.apache.maven.plugin.surefire.AbstractSurefireMojo.executeProvider(AbstractSurefireMojo.java:1212)
at org.apache.maven.plugin.surefire.AbstractSurefireMojo.executeAfterPreconditionsChecked(AbstractSurefireMojo.java:1090)
at org.apache.maven.plugin.surefire.AbstractSurefireMojo.execute(AbstractSurefireMojo.java:910)
at org.apache.maven.plugin.DefaultBuildPluginManager.executeMojo(DefaultBuildPluginManager.java:126)
at org.apache.maven.lifecycle.internal.MojoExecutor.doExecute2(MojoExecutor.java:328)
at org.apache.maven.lifecycle.internal.MojoExecutor.doExecute(MojoExecutor.java:316)
at org.apache.maven.lifecycle.internal.MojoExecutor.execute(MojoExecutor.java:212)
at org.apache.maven.lifecycle.internal.MojoExecutor.execute(MojoExecutor.java:174)
at org.apache.maven.lifecycle.internal.MojoExecutor.access$000(MojoExecutor.java:75)
at org.apache.maven.lifecycle.internal.MojoExecutor$1.run(MojoExecutor.java:162)
at org.apache.maven.plugin.DefaultMojosExecutionStrategy.execute(DefaultMojosExecutionStrategy.java:39)
at org.apache.maven.lifecycle.internal.MojoExecutor.execute(MojoExecutor.java:159)
at org.apache.maven.lifecycle.internal.LifecycleModuleBuilder.buildProject(LifecycleModuleBuilder.java:105)
at org.apache.maven.lifecycle.internal.LifecycleModuleBuilder.buildProject(LifecycleModuleBuilder.java:73)
at org.apache.maven.lifecycle.internal.builder.singlethreaded.SingleThreadedBuilder.build(SingleThreadedBuilder.java:53)
at org.apache.maven.lifecycle.internal.LifecycleStarter.execute(LifecycleStarter.java:118)
at org.apache.maven.DefaultMaven.doExecute(DefaultMaven.java:261)
at org.apache.maven.DefaultMaven.doExecute(DefaultMaven.java:173)
at org.apache.maven.DefaultMaven.execute(DefaultMaven.java:101)
at org.apache.maven.cli.MavenCli.execute(MavenCli.java:906)
at org.apache.maven.cli.MavenCli.doMain(MavenCli.java:283)
at org.apache.maven.cli.MavenCli.main(MavenCli.java:206)
at org.codehaus.plexus.classworlds.launcher.Launcher.launchEnhanced(Launcher.java:255)
at org.codehaus.plexus.classworlds.launcher.Launcher.launch(Launcher.java:201)
at org.codehaus.plexus.classworlds.launcher.Launcher.mainWithExitCode(Launcher.java:361)
at org.codehaus.plexus.classworlds.launcher.Launcher.main(Launcher.java:314)
... Removed 33 stack frames]]>
    </failure>
  </testcase> <!-- runLighthouseAudits -->
</testsuite> <!-- Surefire test -->
